----------------------------------------------------------------
Tue Apr 03 23:30:06 CEST 2012:
Booting Derby version The Apache Software Foundation - Apache Derby - 10.8.2.2 - (1181258): instance a816c00e-0136-7a1d-5b5b-000003572460 
on database directory memory:/media/documents/projets java/devoxxFr2012-2/dataSource  with class loader sun.misc.Launcher$AppClassLoader@138d107f 
Loaded from file:/home/mparisot/.m2/repository/org/apache/derby/derby/10.8.2.2/derby-10.8.2.2.jar
java.vendor=Sun Microsystems Inc.
java.runtime.version=1.6.0_26-b03
user.dir=/media/documents/projets java/devoxxFr2012-2
derby.system.home=null
derby.stream.error.method=org.springframework.jdbc.datasource.embedded.OutputStreamFactory.getNoopOutputStream
Database Class Loader started - derby.database.classpath=''
----------------------------------------------------------------
Tue Apr 03 23:30:09 CEST 2012:
Booting Derby version The Apache Software Foundation - Apache Derby - 10.8.2.2 - (1181258): instance 61228105-0136-7a1d-5b5b-000003572460 
on database directory memory:/media/documents/projets java/devoxxFr2012-2/testdb  with class loader sun.misc.Launcher$AppClassLoader@138d107f 
Loaded from file:/home/mparisot/.m2/repository/org/apache/derby/derby/10.8.2.2/derby-10.8.2.2.jar
java.vendor=Sun Microsystems Inc.
java.runtime.version=1.6.0_26-b03
user.dir=/media/documents/projets java/devoxxFr2012-2
derby.system.home=null
derby.stream.error.method=org.springframework.jdbc.datasource.embedded.OutputStreamFactory.getNoopOutputStream
Database Class Loader started - derby.database.classpath=''
----------------------------------------------------------------
Tue Apr 03 23:30:09 CEST 2012:
Shutting down instance 61228105-0136-7a1d-5b5b-000003572460 on database directory memory:/media/documents/projets java/devoxxFr2012-2/testdb with class loader sun.misc.Launcher$AppClassLoader@138d107f 
----------------------------------------------------------------
Tue Apr 03 23:30:10 CEST 2012:
Booting Derby version The Apache Software Foundation - Apache Derby - 10.8.2.2 - (1181258): instance 2ded81a4-0136-7a1d-5b5b-000003572460 
on database directory memory:/media/documents/projets java/devoxxFr2012-2/testdb  with class loader sun.misc.Launcher$AppClassLoader@138d107f 
Loaded from file:/home/mparisot/.m2/repository/org/apache/derby/derby/10.8.2.2/derby-10.8.2.2.jar
java.vendor=Sun Microsystems Inc.
java.runtime.version=1.6.0_26-b03
user.dir=/media/documents/projets java/devoxxFr2012-2
derby.system.home=null
derby.stream.error.method=org.springframework.jdbc.datasource.embedded.OutputStreamFactory.getNoopOutputStream
Database Class Loader started - derby.database.classpath=''
----------------------------------------------------------------
Tue Apr 03 23:30:10 CEST 2012:
Shutting down instance 2ded81a4-0136-7a1d-5b5b-000003572460 on database directory memory:/media/documents/projets java/devoxxFr2012-2/testdb with class loader sun.misc.Launcher$AppClassLoader@138d107f 
----------------------------------------------------------------
Tue Apr 03 23:30:10 CEST 2012:
Booting Derby version The Apache Software Foundation - Apache Derby - 10.8.2.2 - (1181258): instance f30b8234-0136-7a1d-5b5b-000003572460 
on database directory memory:/media/documents/projets java/devoxxFr2012-2/testdb  with class loader sun.misc.Launcher$AppClassLoader@138d107f 
Loaded from file:/home/mparisot/.m2/repository/org/apache/derby/derby/10.8.2.2/derby-10.8.2.2.jar
java.vendor=Sun Microsystems Inc.
java.runtime.version=1.6.0_26-b03
user.dir=/media/documents/projets java/devoxxFr2012-2
derby.system.home=null
derby.stream.error.method=org.springframework.jdbc.datasource.embedded.OutputStreamFactory.getNoopOutputStream
Database Class Loader started - derby.database.classpath=''
----------------------------------------------------------------
Tue Apr 03 23:30:10 CEST 2012:
Shutting down instance f30b8234-0136-7a1d-5b5b-000003572460 on database directory memory:/media/documents/projets java/devoxxFr2012-2/testdb with class loader sun.misc.Launcher$AppClassLoader@138d107f 
----------------------------------------------------------------
Tue Apr 03 23:30:11 CEST 2012:
Shutting down instance a816c00e-0136-7a1d-5b5b-000003572460 on database directory memory:/media/documents/projets java/devoxxFr2012-2/dataSource with class loader sun.misc.Launcher$AppClassLoader@138d107f 
